<?xml version="1.0" encoding="UTF-8"?>
<!-- Generated by org.testng.reporters.JUnitReportReporter -->
<testsuite hostname="MacBook-Pro-de-ANA.local" failures="0" tests="2" name="com.demo.Registrer" time="14.586" errors="0" timestamp="2023-02-27T19:36:43 CST" skipped="0">
  <testcase classname="com.demo.Registrer" name="clickRegister" time="8.499"/>
  <system-out/>
  <testcase classname="com.demo.Registrer" name="logIn" time="6.087"/>
  <system-out/>
</testsuite> <!-- com.demo.Registrer -->
